This is pdfTeX, Version 3.141592653-2.6-1.40.25 (TeX Live 2023/Debian) (preloaded format=pdflatex 2024.12.12)  11 APR 2025 12:50
entering extended mode
 restricted \write18 enabled.
 file:line:error style messages enabled.
 %&-line parsing enabled.
**"/home/marcosbslinux/ALG/Pr√°ctica 3/latex_code/preambulos.tex"
(/home/marcosbslinux/ALG/Pr√°ctica 3/latex_code/preambulos.tex
LaTeX2e <2023-11-01> patch level 1
L3 programming layer <2024-01-22>

/home/marcosbslinux/ALG/Pr√°ctica 3/latex_code/preambulos.tex:1: LaTeX Error: \usepackage before \documentclass.

See the LaTeX manual or LaTeX Companion for explanation.
Type  H <return>  for immediate help.
 ...                                              
                                                  
l.1 ...[left=2cm, right=2cm, top=3cm, bottom=3cm]{
                                                  geometry} %Para poner los ...
\usepackage may only appear in the document preamble, i.e.,
between \documentclass and \begin{document}.


/home/marcosbslinux/ALG/Pr√°ctica 3/latex_code/preambulos.tex:4: LaTeX Error: \usepackage before \documentclass.

See the LaTeX manual or LaTeX Companion for explanation.
Type  H <return>  for immediate help.
 ...                                              
                                                  
l.4 \usepackage{
                float} %Para hacer que la megatabla no se vaya volando a la ...
\usepackage may only appear in the document preamble, i.e.,
between \documentclass and \begin{document}.


/home/marcosbslinux/ALG/Pr√°ctica 3/latex_code/preambulos.tex:7: LaTeX Error: \usepackage before \documentclass.

See the LaTeX manual or LaTeX Companion for explanation.
Type  H <return>  for immediate help.
 ...                                              
                                                  
l.7 \usepackage[spanish]{
                         babel} % Traduce palabras como "Contenido", "Cap√≠t...
\usepackage may only appear in the document preamble, i.e.,
between \documentclass and \begin{document}.


/home/marcosbslinux/ALG/Pr√°ctica 3/latex_code/preambulos.tex:8: LaTeX Error: \usepackage before \documentclass.

See the LaTeX manual or LaTeX Companion for explanation.
Type  H <return>  for immediate help.
 ...                                              
                                                  
l.8 \usepackage[utf8]{
                      inputenc} % Permite escribir caracteres en espa√±ol (√...
\usepackage may only appear in the document preamble, i.e.,
between \documentclass and \begin{document}.


/home/marcosbslinux/ALG/Pr√°ctica 3/latex_code/preambulos.tex:9: LaTeX Error: \usepackage before \documentclass.

See the LaTeX manual or LaTeX Companion for explanation.
Type  H <return>  for immediate help.
 ...                                              
                                                  
l.9 \usepackage[T1]{
                    fontenc}    % Mejora la salida de caracteres acentuados ...
\usepackage may only appear in the document preamble, i.e.,
between \documentclass and \begin{document}.


/home/marcosbslinux/ALG/Pr√°ctica 3/latex_code/preambulos.tex:12: LaTeX Error: \usepackage before \documentclass.

See the LaTeX manual or LaTeX Companion for explanation.
Type  H <return>  for immediate help.
 ...                                              
                                                  
l.12 \usepackage{
                 amsmath}  % Permite usar comandos avanzados de matem√°ticas
\usepackage may only appear in the document preamble, i.e.,
between \documentclass and \begin{document}.


/home/marcosbslinux/ALG/Pr√°ctica 3/latex_code/preambulos.tex:13: LaTeX Error: \usepackage before \documentclass.

See the LaTeX manual or LaTeX Companion for explanation.
Type  H <return>  for immediate help.
 ...                                              
                                                  
l.13 \usepackage{
                 amssymb}  % Agrega s√≠mbolos matem√°ticos adicionales
\usepackage may only appear in the document preamble, i.e.,
between \documentclass and \begin{document}.


/home/marcosbslinux/ALG/Pr√°ctica 3/latex_code/preambulos.tex:14: LaTeX Error: \usepackage before \documentclass.

See the LaTeX manual or LaTeX Companion for explanation.
Type  H <return>  for immediate help.
 ...                                              
                                                  
l.14 \usepackage{
                 amsthm}   % Permite definir teoremas, lemas, etc.
\usepackage may only appear in the document preamble, i.e.,
between \documentclass and \begin{document}.


/home/marcosbslinux/ALG/Pr√°ctica 3/latex_code/preambulos.tex:15: LaTeX Error: \usepackage before \documentclass.

See the LaTeX manual or LaTeX Companion for explanation.
Type  H <return>  for immediate help.
 ...                                              
                                                  
l.15 \usepackage{
                 mathrsfs} % Fuente adicional para letras matem√°ticas
\usepackage may only appear in the document preamble, i.e.,
between \documentclass and \begin{document}.


/home/marcosbslinux/ALG/Pr√°ctica 3/latex_code/preambulos.tex:18: LaTeX Error: \usepackage before \documentclass.

See the LaTeX manual or LaTeX Companion for explanation.
Type  H <return>  for immediate help.
 ...                                              
                                                  
l.18 \usepackage{
                 mathtools}
\usepackage may only appear in the document preamble, i.e.,
between \documentclass and \begin{document}.


/home/marcosbslinux/ALG/Pr√°ctica 3/latex_code/preambulos.tex:21: LaTeX Error: \usepackage before \documentclass.

See the LaTeX manual or LaTeX Companion for explanation.
Type  H <return>  for immediate help.
 ...                                              
                                                  
l.21 \usepackage{
                 graphicx}
\usepackage may only appear in the document preamble, i.e.,
between \documentclass and \begin{document}.


/home/marcosbslinux/ALG/Pr√°ctica 3/latex_code/preambulos.tex:24: LaTeX Error: \usepackage before \documentclass.

See the LaTeX manual or LaTeX Companion for explanation.
Type  H <return>  for immediate help.
 ...                                              
                                                  
l.24 \usepackage[hidelinks]{
                            hyperref}  % Enlaces clicables en PDF
\usepackage may only appear in the document preamble, i.e.,
between \documentclass and \begin{document}.

/home/marcosbslinux/ALG/Pr√°ctica 3/latex_code/preambulos.tex:27: Undefined control sequence.
l.27 \hypersetup
                {
The control sequence at the end of the top line
of your error message was never \def'ed. If you have
misspelled it (e.g., `\hobx'), type `I' and the correct
spelling (e.g., `I\hbox'). Otherwise just continue,
and I'll forget about whatever was undefined.


/home/marcosbslinux/ALG/Pr√°ctica 3/latex_code/preambulos.tex:28: LaTeX Error: Missing \begin{document}.

See the LaTeX manual or LaTeX Companion for explanation.
Type  H <return>  for immediate help.
 ...                                              
                                                  
l.28     c
          olorlinks=true,       % Habilita los enlaces de colores
You're in trouble here.  Try typing  <return>  to proceed.
If that doesn't work, type  X <return>  to quit.

Missing character: There is no c in font nullfont!
Missing character: There is no o in font nullfont!
Missing character: There is no l in font nullfont!
Missing character: There is no o in font nullfont!
Missing character: There is no r in font nullfont!
Missing character: There is no l in font nullfont!
Missing character: There is no i in font nullfont!
Missing character: There is no n in font nullfont!
Missing character: There is no k in font nullfont!
Missing character: There is no s in font nullfont!
Missing character: There is no = in font nullfont!
Missing character: There is no t in font nullfont!
Missing character: There is no r in font nullfont!
Missing character: There is no u in font nullfont!
Missing character: There is no e in font nullfont!
Missing character: There is no , in font nullfont!
Missing character: There is no l in font nullfont!
Missing character: There is no i in font nullfont!
Missing character: There is no n in font nullfont!
Missing character: There is no k in font nullfont!
Missing character: There is no c in font nullfont!
Missing character: There is no o in font nullfont!
Missing character: There is no l in font nullfont!
Missing character: There is no o in font nullfont!
Missing character: There is no r in font nullfont!
Missing character: There is no = in font nullfont!
Missing character: There is no b in font nullfont!
Missing character: There is no l in font nullfont!
Missing character: There is no a in font nullfont!
Missing character: There is no c in font nullfont!
Missing character: There is no k in font nullfont!
Missing character: There is no , in font nullfont!
Missing character: There is no u in font nullfont!
Missing character: There is no r in font nullfont!
Missing character: There is no l in font nullfont!
Missing character: There is no c in font nullfont!
Missing character: There is no o in font nullfont!
Missing character: There is no l in font nullfont!
Missing character: There is no o in font nullfont!
Missing character: There is no r in font nullfont!
Missing character: There is no = in font nullfont!
Missing character: There is no m in font nullfont!
Missing character: There is no a in font nullfont!
Missing character: There is no g in font nullfont!
Missing character: There is no e in font nullfont!
Missing character: There is no n in font nullfont!
Missing character: There is no t in font nullfont!
Missing character: There is no a in font nullfont!
Missing character: There is no , in font nullfont!
Missing character: There is no c in font nullfont!
Missing character: There is no i in font nullfont!
Missing character: There is no t in font nullfont!
Missing character: There is no e in font nullfont!
Missing character: There is no c in font nullfont!
Missing character: There is no o in font nullfont!
Missing character: There is no l in font nullfont!
Missing character: There is no o in font nullfont!
Missing character: There is no r in font nullfont!
Missing character: There is no = in font nullfont!
Missing character: There is no r in font nullfont!
Missing character: There is no e in font nullfont!
Missing character: There is no d in font nullfont!
Missing character: There is no , in font nullfont!
Missing character: There is no f in font nullfont!
Missing character: There is no i in font nullfont!
Missing character: There is no l in font nullfont!
Missing character: There is no e in font nullfont!
Missing character: There is no c in font nullfont!
Missing character: There is no o in font nullfont!
Missing character: There is no l in font nullfont!
Missing character: There is no o in font nullfont!
Missing character: There is no r in font nullfont!
Missing character: There is no = in font nullfont!
Missing character: There is no c in font nullfont!
Missing character: There is no y in font nullfont!
Missing character: There is no a in font nullfont!
Missing character: There is no n in font nullfont!
Missing character: There is no , in font nullfont!

Overfull \hbox (20.0pt too wide) in paragraph at lines 28--34
[]
 []


/home/marcosbslinux/ALG/Pr√°ctica 3/latex_code/preambulos.tex:35: LaTeX Error: Command \contentsname undefined.

See the LaTeX manual or LaTeX Companion for explanation.
Type  H <return>  for immediate help.
 ...                                              
                                                  
l.35 \renewcommand{\contentsname}
                                 {√çndice} % Cambia "Contenido" por "√çndice"
Try typing  <return>  to proceed.
If that doesn't work, type  X <return>  to quit.


/home/marcosbslinux/ALG/Pr√°ctica 3/latex_code/preambulos.tex:37: LaTeX Error: \usepackage before \documentclass.

See the LaTeX manual or LaTeX Companion for explanation.
Type  H <return>  for immediate help.
 ...                                              
                                                  
l.37 \usepackage{
                 listings}
\usepackage may only appear in the document preamble, i.e.,
between \documentclass and \begin{document}.


/home/marcosbslinux/ALG/Pr√°ctica 3/latex_code/preambulos.tex:38: LaTeX Error: \usepackage before \documentclass.

See the LaTeX manual or LaTeX Companion for explanation.
Type  H <return>  for immediate help.
 ...                                              
                                                  
l.38 \usepackage{
                 xcolor} % Para definir colores, opcional
\usepackage may only appear in the document preamble, i.e.,
between \documentclass and \begin{document}.

/home/marcosbslinux/ALG/Pr√°ctica 3/latex_code/preambulos.tex:41: Undefined control sequence.
l.41 \lstset
            {
The control sequence at the end of the top line
of your error message was never \def'ed. If you have
misspelled it (e.g., `\hobx'), type `I' and the correct
spelling (e.g., `I\hbox'). Otherwise just continue,
and I'll forget about whatever was undefined.


/home/marcosbslinux/ALG/Pr√°ctica 3/latex_code/preambulos.tex:42: LaTeX Error: Missing \begin{document}.

See the LaTeX manual or LaTeX Companion for explanation.
Type  H <return>  for immediate help.
 ...                                              
                                                  
l.42     l
          anguage=C,                    % Especifica el lenguaje (puede ser ...
You're in trouble here.  Try typing  <return>  to proceed.
If that doesn't work, type  X <return>  to quit.

Missing character: There is no l in font nullfont!
Missing character: There is no a in font nullfont!
Missing character: There is no n in font nullfont!
Missing character: There is no g in font nullfont!
Missing character: There is no u in font nullfont!
Missing character: There is no a in font nullfont!
Missing character: There is no g in font nullfont!
Missing character: There is no e in font nullfont!
Missing character: There is no = in font nullfont!
Missing character: There is no C in font nullfont!
Missing character: There is no , in font nullfont!
Missing character: There is no b in font nullfont!
Missing character: There is no a in font nullfont!
Missing character: There is no s in font nullfont!
Missing character: There is no i in font nullfont!
Missing character: There is no c in font nullfont!
Missing character: There is no s in font nullfont!
Missing character: There is no t in font nullfont!
Missing character: There is no y in font nullfont!
Missing character: There is no l in font nullfont!
Missing character: There is no e in font nullfont!
Missing character: There is no = in font nullfont!
/home/marcosbslinux/ALG/Pr√°ctica 3/latex_code/preambulos.tex:43: Undefined control sequence.
l.43     basicstyle=\ttfamily\small
                                   ,     % Fuente de tipo monoespaciada
The control sequence at the end of the top line
of your error message was never \def'ed. If you have
misspelled it (e.g., `\hobx'), type `I' and the correct
spelling (e.g., `I\hbox'). Otherwise just continue,
and I'll forget about whatever was undefined.

/home/marcosbslinux/ALG/Pr√°ctica 3/latex_code/preambulos.tex:45: Undefined control sequence.
l.45     numberstyle=\tiny
                          ,             % Estilo de los n√∫meros de l√≠nea
The control sequence at the end of the top line
of your error message was never \def'ed. If you have
misspelled it (e.g., `\hobx'), type `I' and the correct
spelling (e.g., `I\hbox'). Otherwise just continue,
and I'll forget about whatever was undefined.

/home/marcosbslinux/ALG/Pr√°ctica 3/latex_code/preambulos.tex:48: Undefined control sequence.
l.48     backgroundcolor=\color
                               {lightgray}, % Color de fondo
The control sequence at the end of the top line
of your error message was never \def'ed. If you have
misspelled it (e.g., `\hobx'), type `I' and the correct
spelling (e.g., `I\hbox'). Otherwise just continue,
and I'll forget about whatever was undefined.

/home/marcosbslinux/ALG/Pr√°ctica 3/latex_code/preambulos.tex:53: Undefined control sequence.
l.53     rulecolor=\color
                         {black},       % Color del marco
The control sequence at the end of the top line
of your error message was never \def'ed. If you have
misspelled it (e.g., `\hobx'), type `I' and the correct
spelling (e.g., `I\hbox'). Otherwise just continue,
and I'll forget about whatever was undefined.

/home/marcosbslinux/ALG/Pr√°ctica 3/latex_code/preambulos.tex:57: Undefined control sequence.
l.57     title=\lstname
                       ,                % Muestra el nombre del archivo, si ...
The control sequence at the end of the top line
of your error message was never \def'ed. If you have
misspelled it (e.g., `\hobx'), type `I' and the correct
spelling (e.g., `I\hbox'). Otherwise just continue,
and I'll forget about whatever was undefined.

/home/marcosbslinux/ALG/Pr√°ctica 3/latex_code/preambulos.tex:58: Undefined control sequence.
l.58     keywordstyle=\color
                            {blue},     % Color de las palabras clave
The control sequence at the end of the top line
of your error message was never \def'ed. If you have
misspelled it (e.g., `\hobx'), type `I' and the correct
spelling (e.g., `I\hbox'). Otherwise just continue,
and I'll forget about whatever was undefined.

/home/marcosbslinux/ALG/Pr√°ctica 3/latex_code/preambulos.tex:59: Undefined control sequence.
l.59     commentstyle=\color
                            {purple},    % Color de los comentarios
The control sequence at the end of the top line
of your error message was never \def'ed. If you have
misspelled it (e.g., `\hobx'), type `I' and the correct
spelling (e.g., `I\hbox'). Otherwise just continue,
and I'll forget about whatever was undefined.

/home/marcosbslinux/ALG/Pr√°ctica 3/latex_code/preambulos.tex:60: Undefined control sequence.
l.60     stringstyle=\color
                           {red}        % Color de las cadenas
The control sequence at the end of the top line
of your error message was never \def'ed. If you have
misspelled it (e.g., `\hobx'), type `I' and the correct
spelling (e.g., `I\hbox'). Otherwise just continue,
and I'll forget about whatever was undefined.


Overfull \hbox (20.0pt too wide) in paragraph at lines 42--62
[]
 []


Overfull \hbox (5.24995pt too wide) in paragraph at lines 42--62
\OT1/cmtt/m/n/10 ,
 []


Overfull \hbox (68.2494pt too wide) in paragraph at lines 42--62
\OT1/cmtt/m/n/10 numbers=left,
 []


Overfull \hbox (68.2494pt too wide) in paragraph at lines 42--62
\OT1/cmtt/m/n/10 numberstyle=,
 []


Overfull \hbox (68.2494pt too wide) in paragraph at lines 42--62
\OT1/cmtt/m/n/10 stepnumber=1,
 []


Overfull \hbox (78.74931pt too wide) in paragraph at lines 42--62
\OT1/cmtt/m/n/10 numbersep=10pt,
 []


Overfull \hbox (136.49881pt too wide) in paragraph at lines 42--62
\OT1/cmtt/m/n/10 backgroundcolor=lightgray,
 []


Overfull \hbox (89.24922pt too wide) in paragraph at lines 42--62
\OT1/cmtt/m/n/10 showspaces=false,
 []


Overfull \hbox (120.74895pt too wide) in paragraph at lines 42--62
\OT1/cmtt/m/n/10 showstringspaces=false,
 []


Overfull \hbox (78.74931pt too wide) in paragraph at lines 42--62
\OT1/cmtt/m/n/10 showtabs=false,
 []


Overfull \hbox (68.2494pt too wide) in paragraph at lines 42--62
\OT1/cmtt/m/n/10 frame=single,
 []


Overfull \hbox (83.99927pt too wide) in paragraph at lines 42--62
\OT1/cmtt/m/n/10 rulecolor=black,
 []


Overfull \hbox (68.2494pt too wide) in paragraph at lines 42--62
\OT1/cmtt/m/n/10 captionpos=b,
 []


Overfull \hbox (83.99927pt too wide) in paragraph at lines 42--62
\OT1/cmtt/m/n/10 breaklines=true,
 []


Overfull \hbox (125.9989pt too wide) in paragraph at lines 42--62
\OT1/cmtt/m/n/10 breakatwhitespace=false,
 []


Overfull \hbox (36.74968pt too wide) in paragraph at lines 42--62
\OT1/cmtt/m/n/10 title=,
 []


Overfull \hbox (94.49918pt too wide) in paragraph at lines 42--62
\OT1/cmtt/m/n/10 keywordstyle=blue,
 []


Overfull \hbox (104.99908pt too wide) in paragraph at lines 42--62
\OT1/cmtt/m/n/10 commentstyle=purple,
 []


Overfull \hbox (78.74931pt too wide) in paragraph at lines 42--62
\OT1/cmtt/m/n/10 stringstyle=red
 []


/home/marcosbslinux/ALG/Pr√°ctica 3/latex_code/preambulos.tex:63: LaTeX Error: \usepackage before \documentclass.

See the LaTeX manual or LaTeX Companion for explanation.
Type  H <return>  for immediate help.
 ...                                              
                                                  
l.63 \usepackage{
                 caption}
\usepackage may only appear in the document preamble, i.e.,
between \documentclass and \begin{document}.

/home/marcosbslinux/ALG/Pr√°ctica 3/latex_code/preambulos.tex:64: Undefined control sequence.
l.64 \captionsetup
                  [table]{labelformat=empty} %Para que no salgan numeradas l...
The control sequence at the end of the top line
of your error message was never \def'ed. If you have
misspelled it (e.g., `\hobx'), type `I' and the correct
spelling (e.g., `I\hbox'). Otherwise just continue,
and I'll forget about whatever was undefined.


/home/marcosbslinux/ALG/Pr√°ctica 3/latex_code/preambulos.tex:64: LaTeX Error: Missing \begin{document}.

See the LaTeX manual or LaTeX Companion for explanation.
Type  H <return>  for immediate help.
 ...                                              
                                                  
l.64 \captionsetup[
                   table]{labelformat=empty} %Para que no salgan numeradas l...
You're in trouble here.  Try typing  <return>  to proceed.
If that doesn't work, type  X <return>  to quit.

Missing character: There is no [ in font nullfont!
Missing character: There is no t in font nullfont!
Missing character: There is no a in font nullfont!
Missing character: There is no b in font nullfont!
Missing character: There is no l in font nullfont!
Missing character: There is no e in font nullfont!
Missing character: There is no ] in font nullfont!
Missing character: There is no l in font nullfont!
Missing character: There is no a in font nullfont!
Missing character: There is no b in font nullfont!
Missing character: There is no e in font nullfont!
Missing character: There is no l in font nullfont!
Missing character: There is no f in font nullfont!
Missing character: There is no o in font nullfont!
Missing character: There is no r in font nullfont!
Missing character: There is no m in font nullfont!
Missing character: There is no a in font nullfont!
Missing character: There is no t in font nullfont!
Missing character: There is no = in font nullfont!
Missing character: There is no e in font nullfont!
Missing character: There is no m in font nullfont!
Missing character: There is no p in font nullfont!
Missing character: There is no t in font nullfont!
Missing character: There is no y in font nullfont!
/home/marcosbslinux/ALG/Pr√°ctica 3/latex_code/preambulos.tex:65: Undefined control sequence.
l.65 \captionsetup
                  [lstlisting]{labelformat=empty} %Para que no salgan numera...
The control sequence at the end of the top line
of your error message was never \def'ed. If you have
misspelled it (e.g., `\hobx'), type `I' and the correct
spelling (e.g., `I\hbox'). Otherwise just continue,
and I'll forget about whatever was undefined.

Missing character: There is no [ in font nullfont!
Missing character: There is no l in font nullfont!
Missing character: There is no s in font nullfont!
Missing character: There is no t in font nullfont!
Missing character: There is no l in font nullfont!
Missing character: There is no i in font nullfont!
Missing character: There is no s in font nullfont!
Missing character: There is no t in font nullfont!
Missing character: There is no i in font nullfont!
Missing character: There is no n in font nullfont!
Missing character: There is no g in font nullfont!
Missing character: There is no ] in font nullfont!
Missing character: There is no l in font nullfont!
Missing character: There is no a in font nullfont!
Missing character: There is no b in font nullfont!
Missing character: There is no e in font nullfont!
Missing character: There is no l in font nullfont!
Missing character: There is no f in font nullfont!
Missing character: There is no o in font nullfont!
Missing character: There is no r in font nullfont!
Missing character: There is no m in font nullfont!
Missing character: There is no a in font nullfont!
Missing character: There is no t in font nullfont!
Missing character: There is no = in font nullfont!
Missing character: There is no e in font nullfont!
Missing character: There is no m in font nullfont!
Missing character: There is no p in font nullfont!
Missing character: There is no t in font nullfont!
Missing character: There is no y in font nullfont!
/home/marcosbslinux/ALG/Pr√°ctica 3/latex_code/preambulos.tex:66: Undefined control sequence.
l.66 \captionsetup
                  [table]{labelformat=empty} %Para que no salgan numeradas l...
The control sequence at the end of the top line
of your error message was never \def'ed. If you have
misspelled it (e.g., `\hobx'), type `I' and the correct
spelling (e.g., `I\hbox'). Otherwise just continue,
and I'll forget about whatever was undefined.

Missing character: There is no [ in font nullfont!
Missing character: There is no t in font nullfont!
Missing character: There is no a in font nullfont!
Missing character: There is no b in font nullfont!
Missing character: There is no l in font nullfont!
Missing character: There is no e in font nullfont!
Missing character: There is no ] in font nullfont!
Missing character: There is no l in font nullfont!
Missing character: There is no a in font nullfont!
Missing character: There is no b in font nullfont!
Missing character: There is no e in font nullfont!
Missing character: There is no l in font nullfont!
Missing character: There is no f in font nullfont!
Missing character: There is no o in font nullfont!
Missing character: There is no r in font nullfont!
Missing character: There is no m in font nullfont!
Missing character: There is no a in font nullfont!
Missing character: There is no t in font nullfont!
Missing character: There is no = in font nullfont!
Missing character: There is no e in font nullfont!
Missing character: There is no m in font nullfont!
Missing character: There is no p in font nullfont!
Missing character: There is no t in font nullfont!
Missing character: There is no y in font nullfont!
/home/marcosbslinux/ALG/Pr√°ctica 3/latex_code/preambulos.tex:67: Undefined control sequence.
l.67 \captionsetup
                  [figure]{labelformat=empty} %Para que no salgan numeradas ...
The control sequence at the end of the top line
of your error message was never \def'ed. If you have
misspelled it (e.g., `\hobx'), type `I' and the correct
spelling (e.g., `I\hbox'). Otherwise just continue,
and I'll forget about whatever was undefined.

Missing character: There is no [ in font nullfont!
Missing character: There is no f in font nullfont!
Missing character: There is no i in font nullfont!
Missing character: There is no g in font nullfont!
Missing character: There is no u in font nullfont!
Missing character: There is no r in font nullfont!
Missing character: There is no e in font nullfont!
Missing character: There is no ] in font nullfont!
Missing character: There is no l in font nullfont!
Missing character: There is no a in font nullfont!
Missing character: There is no b in font nullfont!
Missing character: There is no e in font nullfont!
Missing character: There is no l in font nullfont!
Missing character: There is no f in font nullfont!
Missing character: There is no o in font nullfont!
Missing character: There is no r in font nullfont!
Missing character: There is no m in font nullfont!
Missing character: There is no a in font nullfont!
Missing character: There is no t in font nullfont!
Missing character: There is no = in font nullfont!
Missing character: There is no e in font nullfont!
Missing character: There is no m in font nullfont!
Missing character: There is no p in font nullfont!
Missing character: There is no t in font nullfont!
Missing character: There is no y in font nullfont!
)
! Emergency stop.
<*> .../ALG/Pr√°ctica 3/latex_code/preambulos.tex"
                                                  
*** (job aborted, no legal \end found)

 
Here is how much of TeX's memory you used:
 22 strings out of 474222
 589 string characters out of 5748732
 1922975 words of memory out of 5000000
 22374 multiletter control sequences out of 15000+600000
 558237 words of font info for 37 fonts, out of 8000000 for 9000
 1141 hyphenation exceptions out of 8191
 15i,1n,20p,189b,67s stack positions out of 10000i,1000n,20000p,200000b,200000s
!  ==> Fatal error occurred, no output PDF file produced!
